positive,food#quality,0,2|
positive,food#quality,0,11|
positive,service#general,0,1|positive,food#quality,1,3|positive,drinks#quality,3,6|
positive,restaurant#general,0,4|negative,service#general,4,10|negative,service#general,10,29|
negative,service#general,0,7|positive,food#style_options,7,16|negative,service#general,16,37|
positive,food#quality,0,4|negative,food#quality,4,12|
positive,restaurant#miscellaneous,0,16|
positive,food#quality,0,8|
positive,restaurant#general,0,16|
negative,service#general,0,8|positive,food#style_options,8,19|
negative,food#quality,0,17|
positive,restaurant#general,0,7|
positive,restaurant#general,0,6|
negative,service#general,0,8|positive,food#quality,8,11|negative,service#general,11,21|positive,service#general,21,27|
positive,restaurant#general,0,18|
positive,food#quality,0,2|positive,food#quality,2,11|
positive,food#quality,0,7|negative,restaurant#general,7,13|negative,restaurant#general,13,19|
negative,food#style_options,0,17|positive,restaurant#miscellaneous,17,27|
positive,food#quality,0,4|negative,restaurant#miscellaneous,4,12|
negative,food#quality,0,24|positive,food#quality,24,26|negative,food#style_options,26,37|negative,service#general,37,46|
positive,restaurant#general,0,9|positive,service#general,9,14|positive,service#general,14,17|
positive,service#general,0,3|
positive,restaurant#general,0,1|positive,food#quality,1,9|
positive,service#general,0,10|
positive,restaurant#general,0,3|positive,ambience#general,3,12|
positive,restaurant#miscellaneous,0,24|
positive,restaurant#general,0,1|
positive,restaurant#general,0,8|
negative,food#quality,0,2|
positive,food#quality,0,14|positive,food#quality,14,19|
positive,food#quality,0,5|
negative,food#quality,0,8|positive,ambience#general,8,13|negative,food#quality,13,20|positive,food#quality,20,22|positive,food#quality,22,24|neutral,food#quality,24,29|
positive,food#quality,0,5|
negative,service#general,0,30|
negative,restaurant#general,0,7|negative,service#general,7,9|negative,food#prices,9,11|
positive,food#style_options,0,6|positive,restaurant#general,6,15|
positive,restaurant#general,0,7|
positive,food#quality,0,5|positive,food#quality,5,8|positive,food#quality,8,10|positive,food#quality,10,12|positive,food#quality,12,15|
positive,food#quality,0,2|negative,restaurant#general,2,5|
positive,ambience#general,0,9|negative,food#quality,9,13|
negative,food#quality,0,14|
positive,restaurant#general,0,1|positive,food#quality,1,3|positive,food#quality,3,5|positive,service#general,5,7|positive,restaurant#general,7,9|
positive,food#prices,0,5|
positive,restaurant#miscellaneous,0,10|positive,food#quality,10,12|positive,food#quality,12,20|
positive,food#quality,0,8|
positive,food#quality,0,9|
positive,food#style_options,0,20|
positive,service#general,0,7|
positive,restaurant#general,0,5|
negative,food#style_options,0,2|
positive,food#quality,0,5|positive,food#quality,5,14|positive,food#quality,14,21|
positive,drinks#style_options,0,4|
positive,food#quality,0,2|positive,service#general,2,5|positive,food#quality,5,13|
positive,food#quality,0,3|positive,food#quality,3,12|
positive,food#quality,0,16|
positive,food#quality,0,4|negative,food#quality,4,14|negative,food#quality,14,21|
positive,restaurant#general,0,17|positive,restaurant#general,17,29|positive,food#quality,29,37|
negative,service#general,0,13|
positive,service#general,0,5|
positive,restaurant#general,0,11|positive,food#quality,11,17|
negative,food#quality,0,4|positive,service#general,4,7|
positive,ambience#general,0,2|positive,restaurant#general,2,8|
positive,food#quality,0,6|positive,food#quality,6,15|
positive,food#quality,0,8|
positive,food#quality,0,8|negative,restaurant#miscellaneous,8,20|
positive,restaurant#prices,0,5|negative,service#general,5,14|
positive,food#quality,0,2|positive,ambience#general,2,5|positive,restaurant#general,5,8|
positive,food#quality,0,5|positive,food#quality,5,12|
positive,food#quality,0,8|negative,food#quality,8,16|positive,food#quality,16,18|
negative,service#general,0,1|positive,restaurant#general,1,7|positive,food#quality,7,18|positive,food#quality,18,23|
positive,food#quality,0,3|negative,service#general,3,11|
positive,food#quality,0,6|positive,food#quality,6,8|positive,food#quality,8,11|
positive,food#quality,0,2|
positive,food#quality,0,4|positive,service#general,4,11|
positive,food#quality,0,3|negative,restaurant#general,3,7|
positive,ambience#general,0,6|positive,restaurant#general,6,11|positive,restaurant#general,11,15|
positive,food#quality,0,8|
negative,food#quality,0,13|positive,restaurant#general,13,19|
negative,food#quality,0,7|
positive,food#quality,0,7|positive,ambience#general,7,14|positive,food#quality,14,23|negative,restaurant#general,23,43|
negative,restaurant#general,0,8|negative,food#style_options,8,15|positive,food#style_options,15,18|
positive,restaurant#general,0,4|
positive,ambience#general,0,15|
positive,restaurant#general,0,3|
negative,food#quality,0,10|
negative,drinks#prices,0,11|positive,food#quality,11,17|
positive,ambience#general,0,3|negative,food#quality,3,9|
positive,restaurant#general,0,4|positive,service#general,4,13|
positive,food#quality,0,6|negative,ambience#general,6,22|neutral,food#quality,22,28|negative,food#style_options,28,40|
positive,food#quality,0,9|negative,restaurant#general,9,18|positive,restaurant#miscellaneous,18,34|
positive,food#quality,0,8|
positive,restaurant#general,0,6|
negative,food#quality,0,5|positive,food#quality,5,10|
negative,service#general,0,13|
positive,food#quality,0,15|positive,food#quality,15,22|
positive,ambience#general,0,11|
positive,food#quality,0,6|negative,food#quality,6,21|positive,food#quality,21,26|positive,food#quality,26,41|
positive,service#general,0,1|positive,restaurant#general,1,9|negative,service#general,9,14|
positive,food#quality,0,6|
positive,food#quality,0,5|positive,service#general,5,11|
positive,restaurant#general,0,1|positive,food#quality,1,8|positive,service#general,8,10|
positive,food#quality,0,10|
positive,food#quality,0,2|positive,restaurant#general,2,5|
positive,food#quality,0,6|
positive,food#quality,0,2|positive,food#quality,2,6|
positive,restaurant#general,0,4|
positive,food#quality,0,5|
positive,restaurant#general,0,5|
negative,food#style_options,0,7|positive,service#general,7,13|
positive,food#style_options,0,14|positive,food#quality,14,19|
positive,food#quality,0,5|positive,food#quality,5,14|
positive,food#quality,0,13|
positive,food#quality,0,4|positive,ambience#general,4,15|
negative,food#prices,0,1|
positive,food#quality,0,7|positive,food#quality,7,14|positive,service#general,14,17|
positive,restaurant#general,0,3|
neutral,restaurant#general,0,1|positive,food#quality,1,12|
positive,food#quality,0,6|negative,service#general,6,11|
negative,restaurant#general,0,3|positive,restaurant#general,3,6|positive,food#prices,6,18|
positive,restaurant#miscellaneous,0,14|positive,food#quality,14,16|negative,service#general,16,37|
positive,restaurant#general,0,7|
positive,service#general,0,5|
positive,restaurant#general,0,3|positive,service#general,3,5|
positive,food#quality,0,5|negative,food#quality,5,13|
positive,food#quality,0,3|neutral,restaurant#general,3,9|negative,food#quality,9,14|negative,food#quality,14,20|
neutral,restaurant#general,0,9|positive,restaurant#general,9,22|
positive,ambience#general,0,5|positive,ambience#general,5,18|
positive,restaurant#general,0,8|positive,food#quality,8,18|
positive,food#quality,0,9|positive,restaurant#general,9,19|
negative,food#quality,0,8|positive,food#quality,8,14|positive,food#quality,14,18|positive,food#quality,18,21|positive,food#quality,21,31|
positive,ambience#general,0,6|positive,food#quality,6,11|
positive,food#quality,0,7|
positive,food#quality,0,9|
neutral,ambience#general,0,6|
positive,restaurant#miscellaneous,0,12|
positive,restaurant#general,0,3|
positive,drinks#quality,0,5|
positive,restaurant#general,0,11|positive,food#quality,11,21|negative,food#quality,21,33|
negative,food#quality,0,7|
positive,food#prices,0,18|
positive,drinks#quality,0,5|
positive,ambience#general,0,9|
negative,service#general,0,6|positive,service#general,6,8|positive,food#prices,8,13|negative,service#general,13,26|positive,ambience#general,26,34|
positive,food#style_options,0,17|
positive,food#quality,0,4|positive,restaurant#general,4,11|
positive,food#quality,0,1|
negative,service#general,0,5|negative,food#quality,5,16|negative,food#quality,16,20|
positive,food#quality,0,7|
positive,ambience#general,0,6|positive,location#general,6,33|
positive,food#quality,0,2|positive,restaurant#general,2,20|
positive,food#quality,0,2|
positive,service#general,0,19|
positive,restaurant#general,0,12|
positive,food#quality,0,6|
positive,food#quality,0,5|
positive,restaurant#general,0,5|
neutral,ambience#general,0,3|positive,service#general,3,11|negative,service#general,11,16|positive,service#general,16,20|positive,restaurant#general,20,34|
positive,food#quality,0,9|positive,food#quality,9,15|negative,service#general,15,20|
positive,food#quality,0,7|positive,food#quality,7,18|
positive,ambience#general,0,10|
positive,ambience#general,0,5|positive,restaurant#general,5,8|
positive,food#quality,0,2|neutral,food#quality,2,4|positive,food#quality,4,6|positive,food#quality,6,9|negative,food#quality,9,11|positive,food#quality,11,19|
positive,food#quality,0,8|
negative,restaurant#general,0,3|positive,food#quality,3,12|
positive,food#quality,0,2|positive,service#general,2,5|
positive,food#quality,0,6|positive,ambience#general,6,10|
positive,food#quality,0,5|
positive,food#quality,0,3|negative,ambience#general,3,10|positive,restaurant#miscellaneous,10,17|
negative,food#quality,0,10|
negative,service#general,0,2|negative,food#quality,2,5|positive,service#general,5,7|
positive,food#quality,0,12|
positive,food#quality,0,8|positive,restaurant#general,8,18|
positive,food#quality,0,7|positive,food#quality,7,12|
negative,service#general,0,6|positive,service#general,6,15|
negative,food#quality,0,6|positive,service#general,6,9|
positive,ambience#general,0,15|
positive,food#quality,0,8|negative,food#style_options,8,16|negative,service#general,16,20|
negative,service#general,0,5|negative,food#quality,5,10|positive,ambience#general,10,13|
positive,food#quality,0,12|negative,food#style_options,12,23|
positive,restaurant#miscellaneous,0,14|positive,service#general,14,18|positive,food#quality,18,28|
negative,restaurant#general,0,9|
positive,service#general,0,4|negative,service#general,4,16|negative,food#quality,16,23|positive,restaurant#miscellaneous,23,26|
positive,restaurant#general,0,10|positive,ambience#general,10,21|positive,food#quality,21,29|positive,service#general,29,32|positive,restaurant#miscellaneous,32,35|
negative,ambience#general,0,10|negative,food#style_options,10,19|
positive,service#general,0,3|negative,food#quality,3,5|positive,food#quality,5,9|
positive,restaurant#miscellaneous,0,5|negative,food#quality,5,13|
positive,food#quality,0,11|positive,drinks#quality,11,19|
positive,food#quality,0,3|positive,restaurant#general,3,10|positive,food#quality,10,14|
positive,restaurant#general,0,3|positive,restaurant#general,3,7|
negative,service#general,0,4|positive,food#quality,4,10|positive,ambience#general,10,15|negative,food#quality,15,23|positive,food#quality,23,27|
positive,restaurant#general,0,2|positive,ambience#general,2,6|
negative,ambience#general,0,10|positive,service#general,10,21|
negative,service#general,0,2|positive,restaurant#miscellaneous,2,12|
positive,restaurant#general,0,8|
positive,food#quality,0,5|positive,food#quality,5,16|positive,food#quality,16,22|positive,service#general,22,28|
positive,restaurant#miscellaneous,0,13|
positive,restaurant#general,0,4|
positive,food#quality,0,3|negative,food#quality,3,5|positive,ambience#general,5,12|
positive,restaurant#general,0,12|negative,food#quality,12,16|
negative,service#general,0,5|negative,service#general,5,22|
positive,food#quality,0,5|positive,restaurant#general,5,13|
positive,food#quality,0,4|positive,restaurant#general,4,18|
positive,food#quality,0,6|negative,food#quality,6,10|positive,food#quality,10,15|
negative,food#quality,0,1|negative,service#general,1,8|negative,service#general,8,17|
positive,food#quality,0,5|
positive,food#quality,0,8|positive,food#quality,8,12|
positive,food#quality,0,11|positive,service#general,11,14|positive,food#style_options,14,17|positive,food#quality,17,25|negative,service#general,25,28|
positive,service#general,0,4|positive,service#general,4,21|
positive,food#style_options,0,5|negative,food#style_options,5,10|positive,food#prices,10,39|
positive,food#quality,0,2|negative,restaurant#general,2,4|neutral,food#quality,4,9|positive,restaurant#general,9,12|
positive,food#quality,0,4|positive,service#general,4,9|
negative,service#general,0,5|negative,service#general,5,13|
positive,ambience#general,0,6|positive,food#quality,6,17|
neutral,ambience#general,0,5|positive,ambience#general,5,7|positive,service#general,7,14|
negative,service#general,0,4|negative,restaurant#miscellaneous,4,18|
positive,food#quality,0,6|
positive,food#quality,0,5|positive,restaurant#general,5,8|
neutral,restaurant#miscellaneous,0,10|
positive,service#general,0,4|positive,ambience#general,4,9|positive,service#general,9,12|
negative,service#general,0,9|negative,service#general,9,16|positive,ambience#general,16,22|
positive,restaurant#general,0,4|positive,ambience#general,4,7|
positive,food#quality,0,12|positive,food#quality,12,25|positive,food#quality,25,31|positive,restaurant#general,31,33|positive,food#quality,33,35|
positive,ambience#general,0,1|positive,restaurant#miscellaneous,1,26|
negative,service#general,0,16|
positive,food#quality,0,7|positive,ambience#general,7,19|
positive,food#quality,0,12|positive,food#quality,12,19|
negative,food#quality,0,4|positive,service#general,4,26|
positive,restaurant#general,0,4|
positive,ambience#general,0,7|positive,food#style_options,7,13|
negative,restaurant#general,0,6|negative,food#quality,6,8|negative,restaurant#miscellaneous,8,10|negative,food#quality,10,25|positive,food#quality,25,27|
positive,service#general,0,5|
negative,food#quality,0,5|positive,food#quality,5,16|
positive,food#quality,0,4|positive,food#quality,4,11|positive,food#quality,11,15|
positive,food#quality,0,2|positive,food#quality,2,17|
positive,food#quality,0,3|
positive,service#general,0,5|positive,service#general,5,8|
negative,food#quality,0,3|
positive,food#quality,0,5|positive,food#quality,5,16|
positive,food#style_options,0,21|
positive,service#general,0,6|positive,service#general,6,13|
positive,restaurant#general,0,6|
positive,restaurant#general,0,1|positive,food#quality,1,12|
positive,service#general,0,10|
positive,service#general,0,6|
positive,food#quality,0,7|negative,food#style_options,7,16|positive,ambience#general,16,18|positive,restaurant#miscellaneous,18,21|
positive,food#quality,0,4|positive,restaurant#prices,4,12|
positive,restaurant#general,0,2|
positive,restaurant#general,0,4|positive,restaurant#general,4,7|
positive,restaurant#miscellaneous,0,7|positive,food#quality,7,14|
positive,service#general,0,8|positive,service#general,8,11|
negative,service#general,0,7|positive,service#general,7,14|negative,service#general,14,22|
positive,restaurant#general,0,5|
negative,service#general,0,10|negative,service#general,10,15|
positive,service#general,0,6|
negative,service#general,0,7|
positive,service#general,0,2|negative,restaurant#general,2,8|negative,service#general,8,18|
positive,food#quality,0,2|positive,service#general,2,5|
negative,food#quality,0,8|positive,restaurant#general,8,14|
positive,drinks#quality,0,7|
positive,food#quality,0,2|positive,location#general,2,12|negative,food#quality,12,17|negative,service#general,17,19|negative,service#general,19,28|
positive,food#quality,0,14|positive,food#quality,14,16|positive,food#quality,16,20|
negative,food#quality,0,6|positive,food#quality,6,10|positive,restaurant#miscellaneous,10,15|
positive,food#quality,0,2|positive,food#quality,2,7|negative,food#prices,7,11|
positive,food#style_options,0,7|negative,food#quality,7,23|
negative,service#general,0,9|
negative,food#quality,0,7|
negative,food#style_options,0,5|negative,service#general,5,13|
positive,food#quality,0,20|negative,restaurant#general,20,39|
positive,restaurant#general,0,15|
positive,food#quality,0,4|
positive,restaurant#general,0,2|
positive,food#quality,0,2|negative,restaurant#general,2,5|
negative,service#general,0,1|positive,food#quality,1,3|positive,restaurant#miscellaneous,3,26|
positive,food#quality,0,4|positive,food#quality,4,7|positive,food#quality,7,11|positive,food#quality,11,18|positive,food#quality,18,25|
positive,food#quality,0,3|positive,food#quality,3,13|
negative,service#general,0,15|positive,food#quality,15,17|negative,food#quality,17,21|negative,food#quality,21,24|negative,food#quality,24,27|positive,food#quality,27,32|
positive,restaurant#general,0,3|
positive,food#quality,0,3|
positive,food#quality,0,7|positive,restaurant#miscellaneous,7,11|
positive,service#general,0,7|positive,restaurant#general,7,9|
positive,restaurant#general,0,12|positive,food#quality,12,15|
positive,restaurant#general,0,1|negative,service#general,1,15|negative,service#general,15,18|negative,service#general,18,26|negative,food#style_options,26,28|
positive,food#quality,0,2|positive,restaurant#general,2,4|positive,restaurant#general,4,6|
positive,restaurant#general,0,7|negative,service#general,7,12|negative,food#prices,12,18|
negative,service#general,0,11|negative,service#general,11,17|positive,restaurant#general,17,26|
positive,food#quality,0,4|positive,food#quality,4,10|
positive,service#general,0,5|positive,service#general,5,7|negative,food#quality,7,11|
negative,service#general,0,5|negative,food#style_options,5,11|negative,food#quality,11,20|positive,food#quality,20,22|positive,food#quality,22,28|
positive,food#quality,0,7|negative,service#general,7,17|negative,service#general,17,29|
positive,service#general,0,6|positive,service#general,6,11|
positive,food#quality,0,12|positive,ambience#general,12,15|positive,food#quality,15,18|
negative,food#quality,0,14|
positive,restaurant#general,0,3|
positive,service#general,0,4|positive,service#general,4,13|positive,food#quality,13,19|
positive,food#quality,0,11|positive,food#quality,11,17|
positive,ambience#general,0,7|
negative,restaurant#general,0,20|positive,ambience#general,20,28|
positive,service#general,0,2|
positive,restaurant#general,0,6|
positive,ambience#general,0,11|positive,food#quality,11,14|
neutral,food#quality,0,6|negative,service#general,6,12|
positive,drinks#style_options,0,15|
positive,food#quality,0,15|
positive,food#quality,0,11|
positive,ambience#general,0,4|negative,food#quality,4,8|
positive,food#quality,0,7|positive,food#quality,7,16|
positive,food#quality,0,9|positive,drinks#style_options,9,15|
positive,food#quality,0,2|
positive,food#quality,0,2|negative,restaurant#general,2,5|
negative,restaurant#miscellaneous,0,4|positive,ambience#general,4,11|positive,food#quality,11,13|positive,restaurant#general,13,18|
positive,food#quality,0,13|
negative,restaurant#general,0,7|
positive,ambience#general,0,10|positive,food#quality,10,13|positive,food#quality,13,19|positive,food#quality,19,23|
positive,restaurant#general,0,12|negative,service#general,12,25|positive,service#general,25,36|
positive,food#quality,0,6|
negative,service#general,0,2|positive,service#general,2,7|negative,service#general,7,14|positive,food#quality,14,16|negative,service#general,16,30|
positive,food#quality,0,7|negative,food#prices,7,10|
positive,drinks#quality,0,8|negative,service#general,8,17|
positive,restaurant#general,0,2|
positive,restaurant#general,0,1|positive,food#quality,1,5|positive,food#quality,5,9|negative,food#style_options,9,13|positive,food#quality,13,21|
negative,restaurant#general,0,8|
neutral,service#general,0,15|positive,restaurant#general,15,23|
positive,restaurant#general,0,6|
negative,restaurant#general,0,16|
positive,restaurant#general,0,23|
positive,food#quality,0,10|positive,service#general,10,23|
positive,food#style_options,0,12|
positive,restaurant#general,0,14|
positive,ambience#general,0,6|positive,food#quality,6,15|
positive,restaurant#general,0,7|positive,ambience#general,7,12|positive,food#quality,12,15|
positive,service#general,0,2|positive,ambience#general,2,5|positive,service#general,5,8|positive,food#quality,8,11|
positive,ambience#general,0,4|positive,service#general,4,8|
positive,location#general,0,10|neutral,food#quality,10,15|negative,service#general,15,26|
negative,restaurant#general,0,14|positive,food#quality,14,20|negative,service#general,20,30|
positive,service#general,0,5|positive,food#quality,5,12|
positive,food#quality,0,4|positive,ambience#general,4,6|negative,service#general,6,11|
positive,restaurant#general,0,17|
positive,food#quality,0,3|
positive,food#quality,0,7|positive,restaurant#general,7,10|positive,food#quality,10,12|negative,food#quality,12,16|positive,food#quality,16,24|
positive,service#general,0,6|positive,food#quality,6,8|negative,restaurant#miscellaneous,8,22|
negative,food#quality,0,17|positive,food#quality,17,30|
negative,restaurant#general,0,3|positive,food#quality,3,10|
positive,service#general,0,4|positive,food#quality,4,13|negative,food#quality,13,18|
positive,restaurant#general,0,4|negative,food#quality,4,15|positive,ambience#general,15,22|
negative,service#general,0,4|positive,food#quality,4,8|positive,food#quality,8,16|positive,food#quality,16,18|positive,food#quality,18,21|positive,food#quality,21,23|neutral,food#quality,23,31|positive,food#quality,31,34|positive,food#quality,34,37|
negative,service#general,0,12|
positive,restaurant#general,0,20|
positive,drinks#quality,0,3|positive,food#quality,3,7|positive,food#quality,7,9|positive,service#general,9,13|negative,food#style_options,13,18|
positive,service#general,0,1|negative,food#quality,1,15|positive,location#general,15,23|
positive,service#general,0,6|
negative,food#quality,0,5|
negative,service#general,0,4|positive,service#general,4,8|
positive,food#quality,0,18|
positive,restaurant#general,0,3|positive,food#quality,3,5|positive,service#general,5,18|
positive,food#style_options,0,13|positive,food#quality,13,17|positive,food#quality,17,21|positive,food#quality,21,31|
negative,service#general,0,11|
positive,drinks#style_options,0,5|negative,service#general,5,17|
positive,food#quality,0,7|positive,food#quality,7,19|negative,food#quality,19,29|
positive,service#general,0,2|
positive,food#quality,0,10|negative,service#general,10,13|
negative,food#quality,0,5|positive,service#general,5,7|positive,service#general,7,10|
negative,drinks#prices,0,3|
positive,restaurant#general,0,5|positive,ambience#general,5,8|positive,service#general,8,12|positive,service#general,12,15|
positive,food#quality,0,15|
negative,restaurant#general,0,10|
positive,food#quality,0,2|positive,ambience#general,2,5|negative,service#general,5,17|
positive,restaurant#general,0,4|
positive,ambience#general,0,10|positive,restaurant#general,10,15|
positive,food#quality,0,14|
negative,ambience#general,0,19|
positive,ambience#general,0,11|
negative,restaurant#general,0,10|
positive,service#general,0,6|positive,restaurant#general,6,13|
positive,food#quality,0,2|
negative,food#quality,0,16|negative,food#quality,16,25|negative,service#general,25,37|
negative,restaurant#general,0,9|negative,food#quality,9,24|negative,food#quality,24,38|
positive,service#general,0,9|
positive,food#quality,0,6|positive,food#quality,6,11|negative,food#style_options,11,13|positive,restaurant#general,13,25|
positive,restaurant#general,0,14|positive,service#general,14,18|positive,food#quality,18,23|
positive,service#general,0,6|
negative,restaurant#general,0,5|
positive,restaurant#general,0,4|
positive,ambience#general,0,9|negative,restaurant#miscellaneous,9,13|negative,food#style_options,13,30|
positive,restaurant#general,0,8|
positive,food#quality,0,3|
positive,restaurant#general,0,4|
negative,food#quality,0,4|negative,food#quality,4,11|
positive,food#quality,0,10|
positive,restaurant#miscellaneous,0,11|negative,food#quality,11,16|positive,service#general,16,22|
positive,service#general,0,4|positive,service#general,4,7|
negative,service#general,0,9|
negative,food#quality,0,8|
negative,ambience#general,0,8|positive,food#quality,8,18|
positive,restaurant#general,0,3|
negative,food#quality,0,3|
positive,restaurant#general,0,17|
positive,ambience#general,0,6|
positive,restaurant#general,0,3|neutral,food#quality,3,7|
positive,restaurant#general,0,2|
positive,restaurant#general,0,4|
negative,restaurant#general,0,3|
positive,ambience#general,0,8|negative,food#quality,8,15|
negative,food#quality,0,10|
positive,restaurant#general,0,3|negative,service#general,3,25|
negative,service#general,0,13|negative,service#general,13,30|
negative,restaurant#miscellaneous,0,18|negative,service#general,18,25|
positive,food#quality,0,9|positive,food#quality,9,14|positive,restaurant#general,14,17|positive,service#general,17,20|
negative,service#general,0,2|positive,ambience#general,2,14|
negative,ambience#general,0,5|
positive,food#quality,0,1|positive,restaurant#general,1,3|positive,service#general,3,5|
negative,food#quality,0,4|
positive,food#quality,0,3|negative,service#general,3,12|
positive,restaurant#general,0,20|
positive,food#quality,0,11|
positive,food#quality,0,8|positive,service#general,8,10|positive,ambience#general,10,19|
positive,service#general,0,7|
positive,service#general,0,5|
positive,restaurant#general,0,4|negative,service#general,4,15|
positive,food#quality,0,2|
negative,restaurant#general,0,3|positive,service#general,3,8|
negative,ambience#general,0,5|
negative,food#quality,0,1|positive,food#quality,1,9|positive,ambience#general,9,19|positive,service#general,19,28|
negative,service#general,0,6|
positive,restaurant#general,0,4|
positive,ambience#general,0,5|negative,food#quality,5,7|positive,food#quality,7,14|
positive,drinks#style_options,0,7|negative,service#general,7,14|
positive,food#quality,0,2|positive,food#quality,2,6|
positive,food#quality,0,4|positive,food#quality,4,10|positive,ambience#general,10,13|positive,food#quality,13,18|negative,ambience#general,18,22|positive,food#quality,22,24|positive,food#quality,24,26|positive,food#quality,26,28|positive,food#quality,28,31|positive,food#quality,31,33|positive,food#quality,33,35|positive,food#quality,35,37|positive,food#quality,37,40|positive,food#quality,40,42|positive,food#quality,42,44|positive,food#quality,44,47|positive,food#quality,47,49|positive,food#quality,49,52|positive,food#quality,52,56|positive,food#quality,56,58|positive,food#quality,58,60|positive,food#quality,60,62|positive,food#quality,62,65|positive,food#quality,65,67|positive,food#quality,67,69|positive,food#style_options,69,71|positive,food#quality,71,78|
negative,food#quality,0,10|positive,food#quality,10,15|negative,restaurant#miscellaneous,15,25|positive,food#style_options,25,35|
positive,food#quality,0,7|positive,restaurant#general,7,12|
positive,food#quality,0,5|positive,food#quality,5,9|positive,ambience#general,9,16|
negative,food#quality,0,5|negative,food#quality,5,8|
positive,food#quality,0,2|neutral,restaurant#general,2,5|positive,restaurant#general,5,21|
positive,food#quality,0,29|
positive,restaurant#general,0,8|
positive,food#quality,0,12|
positive,food#quality,0,4|positive,food#quality,4,10|
positive,food#style_options,0,6|positive,restaurant#general,6,14|positive,food#quality,14,22|
positive,restaurant#general,0,16|positive,service#general,16,25|
positive,food#quality,0,3|positive,food#quality,3,6|
positive,restaurant#general,0,3|positive,restaurant#general,3,5|
positive,location#general,0,7|positive,ambience#general,7,14|positive,food#quality,14,31|positive,service#general,31,34|
positive,service#general,0,10|
positive,food#quality,0,5|
positive,restaurant#general,0,3|
positive,service#general,0,16|
neutral,restaurant#general,0,4|positive,service#general,4,11|
positive,ambience#general,0,9|
positive,food#style_options,0,19|
positive,restaurant#general,0,3|
positive,service#general,0,7|negative,service#general,7,12|
negative,food#quality,0,17|negative,food#quality,17,21|negative,food#quality,21,23|negative,food#quality,23,35|positive,service#general,35,37|
positive,food#quality,0,3|positive,food#quality,3,6|
positive,food#quality,0,8|
negative,service#general,0,6|negative,food#quality,6,12|
positive,food#quality,0,9|positive,food#style_options,9,12|positive,service#general,12,15|positive,food#quality,15,18|positive,food#quality,18,20|
negative,service#general,0,13|negative,service#general,13,19|
positive,food#quality,0,4|positive,service#general,4,19|
positive,ambience#general,0,13|negative,service#general,13,19|
positive,food#quality,0,7|positive,service#general,7,10|positive,restaurant#general,10,24|
negative,food#quality,0,14|positive,ambience#general,14,19|positive,food#quality,19,29|positive,food#quality,29,31|positive,food#quality,31,34|positive,food#quality,34,39|positive,food#quality,39,43|
positive,food#style_options,0,14|positive,restaurant#miscellaneous,14,19|
positive,food#style_options,0,15|negative,food#style_options,15,17|negative,food#style_options,17,26|negative,food#quality,26,39|
positive,food#quality,0,4|
negative,service#general,0,8|negative,ambience#general,8,16|positive,food#prices,16,24|positive,food#quality,24,31|
positive,service#general,0,6|negative,service#general,6,14|negative,service#general,14,20|
positive,food#quality,0,9|
positive,food#quality,0,4|positive,food#quality,4,6|positive,food#quality,6,8|negative,food#quality,8,10|positive,food#quality,10,14|
neutral,food#quality,0,6|negative,service#general,6,16|
positive,ambience#general,0,6|positive,service#general,6,13|
positive,food#quality,0,17|
positive,service#general,0,6|
positive,drinks#style_options,0,5|negative,food#quality,5,7|negative,food#quality,7,9|positive,food#quality,9,15|positive,service#general,15,22|positive,food#quality,22,27|positive,service#general,27,30|
positive,food#quality,0,6|positive,food#quality,6,11|positive,food#quality,11,20|
negative,food#quality,0,3|negative,food#quality,3,10|
positive,food#quality,0,5|positive,food#quality,5,10|
positive,restaurant#general,0,4|positive,food#quality,4,18|
positive,food#quality,0,7|negative,food#quality,7,9|positive,food#quality,9,12|
positive,restaurant#general,0,7|
negative,food#style_options,0,16|
negative,food#style_options,0,19|negative,service#general,19,36|
negative,food#quality,0,5|positive,food#quality,5,10|
neutral,food#quality,0,1|
positive,restaurant#general,0,2|
positive,food#quality,0,4|negative,service#general,4,18|negative,service#general,18,25|negative,service#general,25,35|
negative,ambience#general,0,20|positive,food#quality,20,25|
negative,service#general,0,7|positive,service#general,7,21|
positive,restaurant#general,0,4|positive,service#general,4,12|positive,service#general,12,18|
positive,food#prices,0,20|positive,service#general,20,23|
positive,restaurant#general,0,5|
positive,restaurant#general,0,8|positive,restaurant#general,8,16|
negative,service#general,0,14|positive,restaurant#general,14,23|negative,service#general,23,35|
positive,restaurant#general,0,6|
positive,service#general,0,6|positive,service#general,6,10|
negative,food#quality,0,5|positive,service#general,5,16|positive,ambience#general,16,26|
positive,restaurant#miscellaneous,0,4|negative,service#general,4,9|negative,service#general,9,16|positive,ambience#general,16,25|
positive,ambience#general,0,4|positive,service#general,4,7|
positive,food#style_options,0,4|
positive,food#quality,0,7|positive,food#quality,7,14|
positive,restaurant#general,0,4|positive,ambience#general,4,19|
positive,food#quality,0,6|
negative,restaurant#general,0,12|
positive,ambience#general,0,1|positive,food#quality,1,4|negative,service#general,4,11|
negative,restaurant#general,0,10|
negative,service#general,0,15|
positive,food#quality,0,3|positive,food#quality,3,28|
positive,food#quality,0,5|negative,restaurant#miscellaneous,5,9|positive,ambience#general,9,17|
positive,service#general,0,2|neutral,restaurant#general,2,11|positive,service#general,11,16|
positive,ambience#general,0,1|positive,restaurant#general,1,7|negative,service#general,7,15|
negative,food#quality,0,20|
positive,food#quality,0,10|positive,food#quality,10,13|positive,food#quality,13,19|
positive,food#quality,0,9|positive,food#quality,9,11|positive,food#quality,11,13|positive,food#quality,13,15|positive,food#quality,15,17|positive,ambience#general,17,19|positive,food#quality,19,21|positive,food#quality,21,23|positive,food#quality,23,29|
positive,food#quality,0,11|
negative,service#general,0,7|positive,service#general,7,11|
positive,food#quality,0,4|positive,food#quality,4,9|
positive,service#general,0,7|
positive,restaurant#miscellaneous,0,14|
positive,restaurant#general,0,2|
negative,food#quality,0,9|positive,food#quality,9,11|positive,food#quality,11,16|positive,food#quality,16,19|
positive,food#quality,0,4|negative,food#quality,4,10|negative,service#general,10,19|
negative,service#general,0,2|positive,ambience#general,2,4|negative,food#style_options,4,17|
positive,food#quality,0,12|positive,restaurant#general,12,17|
positive,restaurant#general,0,1|negative,restaurant#general,1,6|positive,restaurant#general,6,13|
positive,ambience#general,0,9|negative,restaurant#miscellaneous,9,17|
positive,food#quality,0,3|
positive,ambience#general,0,9|positive,food#quality,9,11|positive,ambience#general,11,14|positive,ambience#general,14,16|positive,restaurant#miscellaneous,16,21|
positive,food#style_options,0,4|positive,food#quality,4,12|positive,food#quality,12,15|
positive,ambience#general,0,4|positive,ambience#general,4,10|positive,service#general,10,12|negative,food#prices,12,14|
positive,food#quality,0,8|positive,food#quality,8,16|positive,food#quality,16,18|positive,food#style_options,18,27|positive,food#quality,27,31|positive,food#quality,31,39|positive,food#quality,39,46|positive,food#quality,46,60|
negative,food#quality,0,4|positive,service#general,4,7|
positive,food#quality,0,2|
negative,food#quality,0,1|positive,food#quality,1,8|positive,food#quality,8,16|
positive,restaurant#general,0,1|positive,food#quality,1,3|negative,food#quality,3,14|negative,service#general,14,16|negative,food#prices,16,18|
positive,food#quality,0,8|positive,food#quality,8,10|positive,food#quality,10,12|positive,food#quality,12,14|positive,food#quality,14,16|positive,restaurant#general,16,18|positive,food#quality,18,20|
positive,service#general,0,4|
positive,ambience#general,0,6|
positive,food#quality,0,6|positive,food#quality,6,9|positive,service#general,9,11|positive,food#quality,11,18|
positive,drinks#style_options,0,2|
positive,food#quality,0,9|positive,food#quality,9,22|positive,food#quality,22,24|positive,food#quality,24,32|positive,restaurant#general,32,36|positive,food#quality,36,42|
positive,ambience#general,0,4|
positive,food#quality,0,8|positive,restaurant#general,8,19|
positive,ambience#general,0,3|negative,food#quality,3,6|positive,food#quality,6,16|
positive,restaurant#general,0,5|
positive,food#quality,0,2|positive,restaurant#general,2,5|
positive,food#quality,0,2|
positive,restaurant#general,0,3|negative,service#general,3,32|negative,food#quality,32,36|
positive,ambience#general,0,9|
positive,restaurant#general,0,5|
negative,restaurant#general,0,1|negative,ambience#general,1,16|
positive,restaurant#miscellaneous,0,6|positive,food#quality,6,15|positive,food#quality,15,17|positive,restaurant#general,17,25|
positive,food#quality,0,4|negative,food#quality,4,8|negative,food#quality,8,10|positive,food#quality,10,19|positive,ambience#general,19,29|
positive,food#quality,0,10|positive,restaurant#general,10,19|
negative,food#quality,0,9|
negative,restaurant#general,0,16|
positive,service#general,0,5|positive,service#general,5,8|
positive,ambience#general,0,5|
negative,ambience#general,0,7|positive,food#quality,7,16|positive,food#quality,16,19|
positive,restaurant#general,0,3|positive,food#quality,3,5|negative,service#general,5,7|positive,food#quality,7,19|positive,food#quality,19,22|positive,food#quality,22,24|positive,food#quality,24,29|
positive,restaurant#general,0,1|
positive,restaurant#general,0,11|
negative,service#general,0,8|
positive,food#quality,0,4|negative,food#quality,4,8|negative,service#general,8,29|positive,restaurant#general,29,32|
positive,restaurant#general,0,3|positive,service#general,3,8|
positive,drinks#quality,0,4|
positive,food#quality,0,2|positive,restaurant#general,2,6|
positive,restaurant#general,0,5|
positive,restaurant#general,0,13|negative,service#general,13,19|
positive,food#quality,0,2|positive,food#quality,2,14|
negative,service#general,0,5|negative,service#general,5,22|
positive,food#quality,0,9|
positive,restaurant#general,0,9|positive,food#quality,9,14|
positive,restaurant#general,0,13|negative,food#quality,13,22|
positive,food#quality,0,2|positive,restaurant#general,2,4|positive,food#quality,4,6|positive,service#general,6,10|
positive,drinks#quality,0,7|
positive,restaurant#miscellaneous,0,12|
positive,food#quality,0,8|positive,food#quality,8,13|
negative,restaurant#general,0,10|
positive,drinks#quality,0,3|
positive,food#quality,0,4|positive,food#quality,4,12|
positive,restaurant#general,0,1|positive,food#quality,1,6|positive,restaurant#general,6,16|
positive,drinks#quality,0,2|negative,food#quality,2,17|
positive,restaurant#general,0,1|
positive,restaurant#general,0,6|positive,food#quality,6,8|negative,service#general,8,13|
positive,food#quality,0,6|positive,food#quality,6,8|positive,food#quality,8,10|positive,food#quality,10,12|positive,ambience#general,12,25|
positive,ambience#general,0,4|negative,service#general,4,13|
positive,drinks#quality,0,3|positive,ambience#general,3,22|
positive,food#quality,0,22|
